\BOOKMARK [0][-]{chapter.1}{\376\377\000P\000r\000e\000s\000e\000n\000t\000a\000c\000i\000\363\000n\000\040\000d\000e\000l\000\040\000p\000r\000o\000y\000e\000c\000t\000o}{}% 1
\BOOKMARK [1][-]{section.1.1}{\376\377\000R\000e\000s\000u\000m\000e\000n}{chapter.1}% 2
\BOOKMARK [1][-]{section.1.2}{\376\377\000P\000a\000l\000a\000b\000r\000a\000s\000\040\000C\000l\000a\000v\000e}{chapter.1}% 3
\BOOKMARK [1][-]{section.1.3}{\376\377\000D\000e\000s\000c\000r\000i\000p\000c\000i\000\363\000n\000\040\000d\000e\000l\000\040\000t\000r\000a\000b\000a\000j\000o\000\040\000d\000e\000\040\000t\000\355\000t\000u\000l\000o}{chapter.1}% 4
\BOOKMARK [1][-]{section.1.4}{\376\377\000O\000b\000j\000e\000t\000i\000v\000o\000s}{chapter.1}% 5
\BOOKMARK [1][-]{section.1.5}{\376\377\000A\000l\000c\000a\000n\000c\000e\000s\000\040\000y\000\040\000L\000i\000m\000i\000t\000a\000c\000i\000o\000n\000e\000s}{chapter.1}% 6
\BOOKMARK [0][-]{chapter.2}{\376\377\000L\000a\000\040\000e\000m\000p\000r\000e\000s\000a}{}% 7
\BOOKMARK [1][-]{section.2.1}{\376\377\000H\000i\000s\000t\000o\000r\000i\000a}{chapter.2}% 8
\BOOKMARK [1][-]{section.2.2}{\376\377\000D\000e\000s\000c\000r\000i\000p\000c\000i\000\363\000n\000\040\000g\000e\000n\000e\000r\000a\000l}{chapter.2}% 9
\BOOKMARK [1][-]{section.2.3}{\376\377\000M\000i\000s\000i\000\363\000n\000\040\000y\000\040\000v\000i\000s\000i\000\363\000n}{chapter.2}% 10
\BOOKMARK [0][-]{chapter.3}{\376\377\000M\000a\000r\000c\000o\000\040\000t\000e\000\363\000r\000i\000c\000o}{}% 11
\BOOKMARK [1][-]{section.3.1}{\376\377\000I\000m\000p\000o\000r\000t\000a\000n\000c\000i\000a\000\040\000d\000e\000\040\000p\000r\000e\000d\000e\000c\000i\000r\000\040\000e\000l\000\040\000c\000o\000m\000p\000o\000r\000t\000a\000m\000i\000e\000n\000t\000o\000\040\000d\000e\000l\000\040\000c\000l\000i\000e\000n\000t\000e\000\040\000e\000n\000\040\000u\000n\000\040\000s\000i\000t\000i\000o\000\040\000w\000e\000b}{chapter.3}% 12
\BOOKMARK [1][-]{section.3.2}{\376\377\000C\000o\000m\000p\000o\000r\000t\000a\000m\000i\000e\000n\000t\000o\000\040\000d\000e\000l\000\040\000c\000l\000i\000e\000n\000t\000e\000/\000a\000f\000i\000l\000i\000a\000d\000o\000\040\000e\000n\000\040\000e\000l\000\040\000c\000a\000n\000a\000l\000\040\000w\000e\000b}{chapter.3}% 13
\BOOKMARK [2][-]{subsection.3.2.1}{\376\377\000D\000e\000f\000i\000n\000i\000c\000i\000\363\000n\000\040\000y\000\040\000r\000e\000l\000e\000v\000a\000n\000c\000i\000a\000\040\000d\000e\000l\000\040\000c\000o\000m\000p\000o\000r\000t\000a\000m\000i\000e\000n\000t\000o\000\040\000d\000e\000l\000\040\000c\000l\000i\000e\000n\000t\000e\000\040\000p\000a\000r\000a\000\040\000e\000l\000\040\000n\000e\000g\000o\000c\000i\000o}{section.3.2}% 14
\BOOKMARK [2][-]{subsection.3.2.2}{\376\377\000C\000a\000r\000a\000c\000t\000e\000r\000\355\000s\000t\000i\000c\000a\000s\000\040\000d\000e\000l\000\040\000c\000o\000m\000p\000o\000r\000t\000a\000m\000i\000e\000n\000t\000o\000\040\000d\000e\000l\000\040\000c\000l\000i\000e\000n\000t\000e\000\040\000e\000n\000\040\000e\000l\000\040\000c\000a\000n\000a\000l\000\040\000w\000e\000b}{section.3.2}% 15
\BOOKMARK [2][-]{subsection.3.2.3}{\376\377\000F\000a\000c\000t\000o\000r\000e\000s\000\040\000q\000u\000e\000\040\000a\000f\000e\000c\000t\000a\000n\000\040\000e\000l\000\040\000c\000o\000m\000p\000o\000r\000t\000a\000m\000i\000e\000n\000t\000o\000\040\000d\000e\000l\000\040\000c\000l\000i\000e\000n\000t\000e}{section.3.2}% 16
\BOOKMARK [1][-]{section.3.3}{\376\377\000H\000e\000r\000r\000a\000m\000i\000e\000n\000t\000a\000s\000\040\000p\000a\000r\000a\000\040\000l\000a\000\040\000p\000r\000e\000d\000i\000c\000c\000i\000\363\000n\000\040\000d\000e\000l\000\040\000c\000o\000m\000p\000o\000r\000t\000a\000m\000i\000e\000n\000t\000o\000\040\000d\000e\000l\000\040\000c\000l\000i\000e\000n\000t\000e\000\040\000e\000n\000\040\000e\000l\000\040\000c\000a\000n\000a\000l\000\040\000w\000e\000b}{chapter.3}% 17
\BOOKMARK [2][-]{subsection.3.3.1}{\376\377\000I\000n\000t\000r\000o\000d\000u\000c\000c\000i\000\363\000n\000\040\000a\000\040\000l\000a\000s\000\040\000h\000e\000r\000r\000a\000m\000i\000e\000n\000t\000a\000s\000\040\000d\000e\000\040\000a\000n\000\341\000l\000i\000s\000i\000s\000\040\000d\000e\000\040\000d\000a\000t\000o\000s}{section.3.3}% 18
\BOOKMARK [2][-]{subsection.3.3.2}{\376\377\000M\000\351\000t\000o\000d\000o\000s\000,\000\040\000t\000\351\000c\000n\000i\000c\000a\000s\000\040\000y\000\040\000t\000e\000c\000n\000o\000l\000o\000g\000\355\000a\000s\000\040\000d\000e\000\040\000a\000n\000\341\000l\000i\000s\000i\000s\000\040\000d\000e\000\040\000d\000a\000t\000o\000s}{section.3.3}% 19
\BOOKMARK [2][-]{subsection.3.3.3}{\376\377\000M\000o\000d\000e\000l\000o\000s\000\040\000d\000e\000\040\000p\000r\000e\000d\000i\000c\000c\000i\000\363\000n\000\040\000d\000e\000\040\000c\000o\000m\000p\000o\000r\000t\000a\000m\000i\000e\000n\000t\000o\000\040\000d\000e\000l\000\040\000c\000l\000i\000e\000n\000t\000e}{section.3.3}% 20
\BOOKMARK [2][-]{subsection.3.3.4}{\376\377\000M\000e\000t\000o\000d\000o\000l\000o\000g\000\355\000a\000\040\000d\000e\000l\000\040\000p\000r\000o\000y\000e\000c\000t\000o}{section.3.3}% 21
\BOOKMARK [2][-]{subsection.3.3.5}{\376\377\000M\000e\000t\000o\000d\000o\000l\000o\000g\000\355\000a\000\040\000d\000e\000l\000\040\000s\000i\000s\000t\000e\000m\000a}{section.3.3}% 22
\BOOKMARK [0][-]{chapter.4}{\376\377\000P\000r\000o\000c\000e\000s\000o\000\040\000E\000T\000L}{}% 23
\BOOKMARK [1][-]{section.4.1}{\376\377\000D\000i\000s\000e\000\361\000o\000\040\000P\000r\000o\000c\000e\000s\000o\000\040\000E\000T\000L}{chapter.4}% 24
\BOOKMARK [2][-]{subsection.4.1.1}{\376\377\000R\000e\000q\000u\000i\000s\000i\000t\000o\000s\000\040\000E\000T\000L}{section.4.1}% 25
\BOOKMARK [2][-]{subsection.4.1.2}{\376\377\000I\000d\000e\000n\000t\000i\000f\000i\000c\000i\000c\000a\000c\000i\000\363\000n\000\040\000f\000u\000e\000n\000t\000e\000\040\000d\000e\000\040\000d\000a\000t\000o\000s}{section.4.1}% 26
\BOOKMARK [2][-]{subsection.4.1.3}{\376\377\000D\000i\000s\000e\000\361\000o\000\040\000d\000e\000l\000\040\000m\000o\000d\000e\000l\000o\000\040\000d\000e\000\040\000d\000a\000t\000o\000s\000\040\000o\000b\000j\000e\000t\000i\000v\000o}{section.4.1}% 27
\BOOKMARK [2][-]{subsection.4.1.4}{\376\377\000P\000l\000a\000n\000i\000f\000i\000c\000a\000c\000i\000\363\000n\000\040\000d\000e\000\040\000l\000a\000s\000\040\000t\000r\000a\000n\000s\000f\000o\000r\000m\000a\000c\000i\000o\000n\000e\000s}{section.4.1}% 28
\BOOKMARK [2][-]{subsection.4.1.5}{\376\377\000S\000e\000l\000e\000c\000c\000i\000\363\000n\000\040\000h\000e\000r\000r\000a\000m\000i\000e\000n\000t\000a\000s}{section.4.1}% 29
\BOOKMARK [2][-]{subsection.4.1.6}{\376\377\000C\000o\000n\000s\000t\000r\000u\000c\000c\000i\000\363\000n\000\040\000y\000\040\000p\000r\000u\000e\000b\000a\000\040\000p\000r\000o\000c\000e\000s\000o\000\040\000E\000T\000L}{section.4.1}% 30
\BOOKMARK [2][-]{subsection.4.1.7}{\376\377\000M\000o\000n\000i\000t\000o\000r\000e\000o\000\040\000p\000r\000o\000c\000e\000s\000o\000\040\000E\000T\000L}{section.4.1}% 31
\BOOKMARK [0][-]{chapter*.20}{\376\377\000R\000e\000f\000e\000r\000e\000n\000c\000i\000a\000s}{}% 32
