\BOOKMARK [0][-]{chapter*.1}{\376\377\000R\000e\000s\000u\000m\000e\000n}{}% 1
\BOOKMARK [0][-]{chapter*.2}{\376\377\000A\000b\000s\000t\000r\000a\000c\000t}{}% 2
\BOOKMARK [0][-]{chapter.1}{\376\377\000P\000r\000e\000s\000e\000n\000t\000a\000c\000i\000\363\000n\000\040\000d\000e\000l\000\040\000p\000r\000o\000y\000e\000c\000t\000o}{}% 3
\BOOKMARK [1][-]{section.1.1}{\376\377\000D\000e\000s\000c\000r\000i\000p\000c\000i\000\363\000n\000\040\000d\000e\000l\000\040\000t\000r\000a\000b\000a\000j\000o\000\040\000d\000e\000\040\000t\000\355\000t\000u\000l\000o}{chapter.1}% 4
\BOOKMARK [1][-]{section.1.2}{\376\377\000O\000b\000j\000e\000t\000i\000v\000o\000s}{chapter.1}% 5
\BOOKMARK [1][-]{section.1.3}{\376\377\000A\000l\000c\000a\000n\000c\000e\000s\000\040\000y\000\040\000L\000i\000m\000i\000t\000a\000c\000i\000o\000n\000e\000s}{chapter.1}% 6
\BOOKMARK [0][-]{chapter.2}{\376\377\000L\000a\000\040\000e\000m\000p\000r\000e\000s\000a}{}% 7
\BOOKMARK [1][-]{section.2.1}{\376\377\000H\000i\000s\000t\000o\000r\000i\000a}{chapter.2}% 8
\BOOKMARK [1][-]{section.2.2}{\376\377\000D\000e\000s\000c\000r\000i\000p\000c\000i\000\363\000n\000\040\000g\000e\000n\000e\000r\000a\000l}{chapter.2}% 9
\BOOKMARK [1][-]{section.2.3}{\376\377\000M\000i\000s\000i\000\363\000n\000\040\000y\000\040\000v\000i\000s\000i\000\363\000n}{chapter.2}% 10
\BOOKMARK [2][-]{subsection.2.3.1}{\376\377\000M\000i\000s\000i\000\363\000n}{section.2.3}% 11
\BOOKMARK [2][-]{subsection.2.3.2}{\376\377\000V\000i\000s\000i\000\363\000n}{section.2.3}% 12
\BOOKMARK [0][-]{chapter.3}{\376\377\000M\000a\000r\000c\000o\000\040\000t\000e\000\363\000r\000i\000c\000o}{}% 13
\BOOKMARK [1][-]{section.3.1}{\376\377\000I\000m\000p\000o\000r\000t\000a\000n\000c\000i\000a\000\040\000d\000e\000\040\000p\000r\000e\000d\000e\000c\000i\000r\000\040\000e\000l\000\040\000c\000o\000m\000p\000o\000r\000t\000a\000m\000i\000e\000n\000t\000o\000\040\000d\000e\000l\000\040\000c\000l\000i\000e\000n\000t\000e\000\040\000e\000n\000\040\000u\000n\000\040\000s\000i\000t\000i\000o\000\040\000w\000e\000b}{chapter.3}% 14
\BOOKMARK [1][-]{section.3.2}{\376\377\000C\000o\000m\000p\000o\000r\000t\000a\000m\000i\000e\000n\000t\000o\000\040\000d\000e\000l\000\040\000c\000l\000i\000e\000n\000t\000e\000/\000a\000f\000i\000l\000i\000a\000d\000o\000\040\000e\000n\000\040\000e\000l\000\040\000c\000a\000n\000a\000l\000\040\000w\000e\000b}{chapter.3}% 15
\BOOKMARK [2][-]{subsection.3.2.1}{\376\377\000D\000e\000f\000i\000n\000i\000c\000i\000\363\000n\000\040\000y\000\040\000r\000e\000l\000e\000v\000a\000n\000c\000i\000a\000\040\000d\000e\000l\000\040\000c\000o\000m\000p\000o\000r\000t\000a\000m\000i\000e\000n\000t\000o\000\040\000d\000e\000l\000\040\000c\000l\000i\000e\000n\000t\000e\000\040\000p\000a\000r\000a\000\040\000e\000l\000\040\000n\000e\000g\000o\000c\000i\000o}{section.3.2}% 16
\BOOKMARK [2][-]{subsection.3.2.2}{\376\377\000C\000a\000r\000a\000c\000t\000e\000r\000\355\000s\000t\000i\000c\000a\000s\000\040\000d\000e\000l\000\040\000c\000o\000m\000p\000o\000r\000t\000a\000m\000i\000e\000n\000t\000o\000\040\000d\000e\000l\000\040\000c\000l\000i\000e\000n\000t\000e\000\040\000e\000n\000\040\000e\000l\000\040\000c\000a\000n\000a\000l\000\040\000w\000e\000b}{section.3.2}% 17
\BOOKMARK [2][-]{subsection.3.2.3}{\376\377\000F\000a\000c\000t\000o\000r\000e\000s\000\040\000q\000u\000e\000\040\000a\000f\000e\000c\000t\000a\000n\000\040\000e\000l\000\040\000c\000o\000m\000p\000o\000r\000t\000a\000m\000i\000e\000n\000t\000o\000\040\000d\000e\000l\000\040\000c\000l\000i\000e\000n\000t\000e}{section.3.2}% 18
\BOOKMARK [1][-]{section.3.3}{\376\377\000H\000e\000r\000r\000a\000m\000i\000e\000n\000t\000a\000s\000\040\000p\000a\000r\000a\000\040\000l\000a\000\040\000p\000r\000e\000d\000i\000c\000c\000i\000\363\000n\000\040\000d\000e\000l\000\040\000c\000o\000m\000p\000o\000r\000t\000a\000m\000i\000e\000n\000t\000o\000\040\000d\000e\000l\000\040\000c\000l\000i\000e\000n\000t\000e\000\040\000e\000n\000\040\000e\000l\000\040\000c\000a\000n\000a\000l\000\040\000w\000e\000b}{chapter.3}% 19
\BOOKMARK [2][-]{subsection.3.3.1}{\376\377\000I\000n\000t\000r\000o\000d\000u\000c\000c\000i\000\363\000n\000\040\000a\000\040\000l\000a\000s\000\040\000h\000e\000r\000r\000a\000m\000i\000e\000n\000t\000a\000s\000\040\000d\000e\000\040\000a\000n\000\341\000l\000i\000s\000i\000s\000\040\000d\000e\000\040\000d\000a\000t\000o\000s}{section.3.3}% 20
\BOOKMARK [2][-]{subsection.3.3.2}{\376\377\000M\000\351\000t\000o\000d\000o\000s\000,\000\040\000t\000\351\000c\000n\000i\000c\000a\000s\000\040\000y\000\040\000t\000e\000c\000n\000o\000l\000o\000g\000\355\000a\000s\000\040\000d\000e\000\040\000a\000n\000\341\000l\000i\000s\000i\000s\000\040\000d\000e\000\040\000d\000a\000t\000o\000s}{section.3.3}% 21
\BOOKMARK [2][-]{subsection.3.3.3}{\376\377\000M\000o\000d\000e\000l\000o\000s\000\040\000d\000e\000\040\000p\000r\000e\000d\000i\000c\000c\000i\000\363\000n\000\040\000d\000e\000\040\000c\000o\000m\000p\000o\000r\000t\000a\000m\000i\000e\000n\000t\000o\000\040\000d\000e\000l\000\040\000c\000l\000i\000e\000n\000t\000e}{section.3.3}% 22
\BOOKMARK [2][-]{subsection.3.3.4}{\376\377\000T\000a\000b\000l\000a\000\040\000c\000o\000m\000p\000a\000r\000a\000t\000i\000v\000a\000\040\000d\000e\000\040\000l\000o\000s\000\040\000m\000o\000d\000e\000l\000o\000s\000\040\000d\000e\000\040\000p\000r\000e\000d\000i\000c\000c\000i\000\363\000n}{section.3.3}% 23
\BOOKMARK [2][-]{subsection.3.3.5}{\376\377\000S\000e\000r\000i\000e\000s\000\040\000T\000e\000m\000p\000o\000r\000a\000l\000e\000s}{section.3.3}% 24
\BOOKMARK [2][-]{subsection.3.3.6}{\376\377\000R\000e\000d\000e\000s\000\040\000L\000S\000T\000M\000\040\000L\000o\000n\000g\000\040\000S\000h\000o\000r\000t\000-\000T\000e\000r\000m\000\040\000M\000e\000m\000o\000r\000y}{section.3.3}% 25
\BOOKMARK [2][-]{subsection.3.3.7}{\376\377\000M\000e\000t\000o\000d\000o\000l\000o\000g\000\355\000a\000\040\000d\000e\000l\000\040\000p\000r\000o\000y\000e\000c\000t\000o}{section.3.3}% 26
\BOOKMARK [2][-]{subsection.3.3.8}{\376\377\000M\000e\000t\000o\000d\000o\000l\000o\000g\000\355\000a\000\040\000d\000e\000l\000\040\000s\000i\000s\000t\000e\000m\000a}{section.3.3}% 27
\BOOKMARK [0][-]{chapter.4}{\376\377\000P\000r\000o\000c\000e\000s\000o\000\040\000E\000T\000L}{}% 28
\BOOKMARK [1][-]{section.4.1}{\376\377\000D\000i\000s\000e\000\361\000o\000\040\000P\000r\000o\000c\000e\000s\000o\000\040\000E\000T\000L}{chapter.4}% 29
\BOOKMARK [2][-]{subsection.4.1.1}{\376\377\000R\000e\000q\000u\000i\000s\000i\000t\000o\000s\000\040\000E\000T\000L}{section.4.1}% 30
\BOOKMARK [2][-]{subsection.4.1.2}{\376\377\000I\000d\000e\000n\000t\000i\000f\000i\000c\000i\000c\000a\000c\000i\000\363\000n\000\040\000f\000u\000e\000n\000t\000e\000\040\000d\000e\000\040\000d\000a\000t\000o\000s}{section.4.1}% 31
\BOOKMARK [2][-]{subsection.4.1.3}{\376\377\000D\000i\000s\000e\000\361\000o\000\040\000d\000e\000l\000\040\000m\000o\000d\000e\000l\000o\000\040\000d\000e\000\040\000d\000a\000t\000o\000s\000\040\000o\000b\000j\000e\000t\000i\000v\000o}{section.4.1}% 32
\BOOKMARK [2][-]{subsection.4.1.4}{\376\377\000P\000l\000a\000n\000i\000f\000i\000c\000a\000c\000i\000\363\000n\000\040\000d\000e\000\040\000l\000a\000s\000\040\000t\000r\000a\000n\000s\000f\000o\000r\000m\000a\000c\000i\000o\000n\000e\000s}{section.4.1}% 33
\BOOKMARK [2][-]{subsection.4.1.5}{\376\377\000S\000e\000l\000e\000c\000c\000i\000\363\000n\000\040\000d\000e\000\040\000h\000e\000r\000r\000a\000m\000i\000e\000n\000t\000a\000s}{section.4.1}% 34
\BOOKMARK [2][-]{subsection.4.1.6}{\376\377\000C\000o\000n\000s\000t\000r\000u\000c\000c\000i\000\363\000n\000\040\000y\000\040\000p\000r\000u\000e\000b\000a\000\040\000p\000r\000o\000c\000e\000s\000o\000\040\000E\000T\000L}{section.4.1}% 35
\BOOKMARK [2][-]{subsection.4.1.7}{\376\377\000M\000o\000n\000i\000t\000o\000r\000e\000o\000\040\000p\000r\000o\000c\000e\000s\000o\000\040\000E\000T\000L}{section.4.1}% 36
\BOOKMARK [0][-]{chapter.5}{\376\377\000E\000x\000p\000l\000o\000r\000a\000t\000o\000r\000y\000\040\000D\000a\000t\000a\000\040\000A\000n\000a\000l\000y\000s\000i\000s\000\040\000\050\000E\000D\000A\000\051}{}% 37
\BOOKMARK [1][-]{section.5.1}{\376\377\000I\000n\000t\000r\000o\000d\000u\000c\000c\000i\000\363\000n\000\040\000a\000l\000\040\000E\000D\000A}{chapter.5}% 38
\BOOKMARK [1][-]{section.5.2}{\376\377\000R\000e\000c\000o\000p\000i\000l\000a\000c\000i\000\363\000n\000\040\000d\000e\000\040\000d\000a\000t\000o\000s}{chapter.5}% 39
\BOOKMARK [1][-]{section.5.3}{\376\377\000D\000e\000s\000c\000r\000i\000p\000c\000i\000\363\000n\000\040\000d\000e\000\040\000l\000o\000s\000\040\000d\000a\000t\000o\000s}{chapter.5}% 40
\BOOKMARK [0][-]{chapter.6}{\376\377\000M\000o\000d\000e\000l\000o\000s\000\040\000d\000e\000\040\000p\000r\000e\000d\000i\000c\000c\000i\000\363\000n\000\040\000a\000p\000l\000i\000c\000a\000d\000o\000s}{}% 41
\BOOKMARK [1][-]{section.6.1}{\376\377\000M\000o\000d\000e\000l\000o\000\040\000d\000e\000\040\000s\000e\000r\000i\000e\000s\000\040\000d\000e\000\040\000t\000i\000e\000m\000p\000o}{chapter.6}% 42
\BOOKMARK [2][-]{subsection.6.1.1}{\376\377\000P\000r\000e\000p\000r\000o\000c\000e\000s\000a\000m\000i\000e\000n\000t\000o\000\040\000y\000\040\000P\000r\000e\000p\000a\000r\000a\000c\000i\000\363\000n\000\040\000d\000e\000\040\000D\000a\000t\000o\000s}{section.6.1}% 43
\BOOKMARK [2][-]{subsection.6.1.2}{\376\377\000C\000o\000d\000i\000f\000i\000c\000a\000c\000i\000\363\000n\000\040\000y\000\040\000T\000r\000a\000n\000s\000f\000o\000r\000m\000a\000c\000i\000\363\000n\000\040\000O\000n\000e\000-\000H\000o\000t}{section.6.1}% 44
\BOOKMARK [2][-]{subsection.6.1.3}{\376\377\000C\000o\000n\000s\000t\000r\000u\000c\000c\000i\000\363\000n\000\040\000y\000\040\000E\000n\000t\000r\000e\000n\000a\000m\000i\000e\000n\000t\000o\000\040\000d\000e\000l\000\040\000M\000o\000d\000e\000l\000o}{section.6.1}% 45
\BOOKMARK [2][-]{subsection.6.1.4}{\376\377\000M\000\351\000t\000r\000i\000c\000a\000s\000\040\000d\000e\000\040\000e\000r\000r\000o\000r\000\040\000d\000e\000\040\000p\000r\000e\000d\000i\000c\000c\000i\000\363\000n\000\040\000a\000p\000l\000i\000c\000a\000d\000a\000s}{section.6.1}% 46
\BOOKMARK [2][-]{subsection.6.1.5}{\376\377\000C\000o\000n\000c\000l\000u\000s\000i\000\363\000n\000\040\000d\000e\000l\000\040\000M\000o\000d\000e\000l\000o\000\040\000d\000e\000\040\000s\000e\000r\000i\000e\000s\000\040\000d\000e\000\040\000t\000i\000e\000m\000p\000o\000\040\000A\000R\000I\000M\000A}{section.6.1}% 47
\BOOKMARK [1][-]{section.6.2}{\376\377\000M\000o\000d\000e\000l\000o\000\040\000d\000e\000\040\000a\000u\000t\000o\000e\000n\000c\000o\000d\000e\000r\000s}{chapter.6}% 48
\BOOKMARK [2][-]{subsection.6.2.1}{\376\377\000P\000r\000e\000p\000r\000o\000c\000e\000s\000a\000m\000i\000e\000n\000t\000o\000\040\000y\000\040\000P\000r\000e\000p\000a\000r\000a\000c\000i\000\363\000n\000\040\000d\000e\000\040\000D\000a\000t\000o\000s}{section.6.2}% 49
\BOOKMARK [2][-]{subsection.6.2.2}{\376\377\000C\000o\000d\000i\000f\000i\000c\000a\000c\000i\000\363\000n\000\040\000O\000n\000e\000-\000H\000o\000t}{section.6.2}% 50
\BOOKMARK [2][-]{subsection.6.2.3}{\376\377\000C\000o\000n\000s\000t\000r\000u\000c\000c\000i\000\363\000n\000\040\000y\000\040\000E\000n\000t\000r\000e\000n\000a\000m\000i\000e\000n\000t\000o\000\040\000d\000e\000l\000\040\000M\000o\000d\000e\000l\000o}{section.6.2}% 51
\BOOKMARK [2][-]{subsection.6.2.4}{\376\377\000R\000e\000s\000u\000l\000t\000a\000d\000o\000s\000\040\000y\000\040\000E\000v\000a\000l\000u\000a\000c\000i\000\363\000n}{section.6.2}% 52
\BOOKMARK [2][-]{subsection.6.2.5}{\376\377\000C\000o\000n\000c\000l\000u\000s\000i\000\363\000n\000\040\000d\000e\000l\000\040\000M\000o\000d\000e\000l\000o\000\040\000d\000e\000\040\000A\000u\000t\000o\000e\000n\000c\000o\000d\000e\000r}{section.6.2}% 53
\BOOKMARK [1][-]{section.6.3}{\376\377\000M\000o\000d\000e\000l\000o\000\040\000d\000e\000\040\000p\000r\000e\000d\000i\000c\000c\000i\000\363\000n\000\040\000s\000e\000c\000u\000e\000n\000c\000i\000a\000l}{chapter.6}% 54
\BOOKMARK [2][-]{subsection.6.3.1}{\376\377\000P\000r\000e\000p\000r\000o\000c\000e\000s\000a\000m\000i\000e\000n\000t\000o\000\040\000y\000\040\000P\000r\000e\000p\000a\000r\000a\000c\000i\000\363\000n\000\040\000d\000e\000\040\000D\000a\000t\000o\000s}{section.6.3}% 55
\BOOKMARK [2][-]{subsection.6.3.2}{\376\377\000O\000r\000d\000e\000n\000a\000m\000i\000e\000n\000t\000o\000\040\000y\000\040\000E\000t\000i\000q\000u\000e\000t\000a\000d\000o}{section.6.3}% 56
\BOOKMARK [2][-]{subsection.6.3.3}{\376\377\000I\000d\000e\000n\000t\000i\000f\000i\000c\000a\000c\000i\000\363\000n\000\040\000d\000e\000\040\000S\000e\000s\000i\000o\000n\000e\000s}{section.6.3}% 57
\BOOKMARK [2][-]{subsection.6.3.4}{\376\377\000C\000o\000d\000i\000f\000i\000c\000a\000c\000i\000\363\000n\000\040\000d\000e\000\040\000C\000a\000t\000e\000g\000o\000r\000\355\000a\000s}{section.6.3}% 58
\BOOKMARK [2][-]{subsection.6.3.5}{\376\377\000C\000o\000n\000s\000t\000r\000u\000c\000c\000i\000\363\000n\000\040\000d\000e\000\040\000S\000e\000c\000u\000e\000n\000c\000i\000a\000s}{section.6.3}% 59
\BOOKMARK [2][-]{subsection.6.3.6}{\376\377\000D\000i\000v\000i\000s\000i\000\363\000n\000\040\000d\000e\000\040\000D\000a\000t\000o\000s}{section.6.3}% 60
\BOOKMARK [2][-]{subsection.6.3.7}{\376\377\000C\000o\000n\000s\000t\000r\000u\000c\000c\000i\000\363\000n\000\040\000d\000e\000l\000\040\000M\000o\000d\000e\000l\000o}{section.6.3}% 61
\BOOKMARK [2][-]{subsection.6.3.8}{\376\377\000R\000e\000g\000u\000l\000a\000r\000i\000z\000a\000c\000i\000\363\000n\000\040\000y\000\040\000C\000o\000m\000p\000i\000l\000a\000c\000i\000\363\000n}{section.6.3}% 62
\BOOKMARK [2][-]{subsection.6.3.9}{\376\377\000E\000n\000t\000r\000e\000n\000a\000m\000i\000e\000n\000t\000o\000\040\000d\000e\000l\000\040\000M\000o\000d\000e\000l\000o}{section.6.3}% 63
\BOOKMARK [2][-]{subsection.6.3.10}{\376\377\000R\000e\000s\000u\000l\000t\000a\000d\000o\000s\000\040\000d\000e\000l\000\040\000e\000n\000t\000r\000e\000n\000a\000m\000i\000e\000n\000t\000o\000\040\000d\000e\000l\000\040\000m\000o\000d\000e\000l\000o}{section.6.3}% 64
\BOOKMARK [2][-]{subsection.6.3.11}{\376\377\000P\000r\000e\000d\000i\000c\000c\000i\000\363\000n\000\040\000d\000e\000l\000\040\000m\000o\000d\000e\000l\000o}{section.6.3}% 65
\BOOKMARK [2][-]{subsection.6.3.12}{\376\377\000M\000\351\000t\000r\000i\000c\000a\000s\000\040\000d\000e\000\040\000p\000r\000e\000d\000i\000c\000c\000i\000\363\000n\000\040\000a\000p\000l\000i\000c\000a\000d\000a\000s}{section.6.3}% 66
\BOOKMARK [2][-]{subsection.6.3.13}{\376\377\000C\000o\000n\000c\000l\000u\000s\000i\000\363\000n\000\040\000d\000e\000l\000\040\000M\000o\000d\000e\000l\000o\000\040\000d\000e\000\040\000P\000r\000e\000d\000i\000c\000c\000i\000\363\000n\000\040\000S\000e\000c\000u\000e\000n\000c\000i\000a\000l}{section.6.3}% 67
\BOOKMARK [1][-]{section.6.4}{\376\377\000T\000a\000b\000l\000a\000\040\000r\000e\000s\000u\000m\000e\000n\000\040\000m\000\351\000t\000r\000i\000c\000a\000s\000\040\000d\000e\000\040\000l\000o\000s\000\040\000m\000\351\000t\000o\000d\000o\000s\000\040\000a\000p\000l\000i\000c\000a\000d\000o\000s}{chapter.6}% 68
\BOOKMARK [0][-]{chapter.7}{\376\377\000A\000p\000i\000\040\000y\000\040\000m\000o\000d\000e\000l\000o\000\040\000i\000m\000p\000l\000e\000m\000e\000n\000t\000a\000d\000o}{}% 69
\BOOKMARK [1][-]{section.7.1}{\376\377\000D\000e\000s\000c\000r\000i\000p\000c\000i\000\363\000n\000\040\000d\000e\000\040\000l\000o\000s\000\040\000c\000o\000m\000p\000o\000n\000e\000n\000t\000e\000s}{chapter.7}% 70
\BOOKMARK [1][-]{section.7.2}{\376\377\000D\000e\000s\000a\000r\000r\000o\000l\000l\000o\000\040\000e\000\040\000I\000m\000p\000l\000e\000m\000e\000n\000t\000a\000c\000i\000\363\000n\000\040\000d\000e\000\040\000l\000a\000\040\000A\000P\000I}{chapter.7}% 71
\BOOKMARK [1][-]{section.7.3}{\376\377\000D\000o\000c\000k\000e\000r\000i\000z\000a\000c\000i\000\363\000n\000\040\000d\000e\000\040\000l\000a\000\040\000A\000p\000i}{chapter.7}% 72
\BOOKMARK [0][-]{chapter.8}{\376\377\000C\000o\000n\000c\000l\000u\000s\000i\000\363\000n\000\040\000y\000\040\000R\000e\000c\000o\000m\000e\000n\000d\000a\000c\000i\000\363\000n}{}% 73
\BOOKMARK [1][-]{subsection.8.0.1}{\376\377\000C\000o\000n\000c\000l\000u\000s\000i\000\363\000n}{chapter.8}% 74
\BOOKMARK [2][-]{subsection.8.0.2}{\376\377\000R\000e\000c\000o\000m\000e\000n\000d\000a\000c\000i\000o\000n\000e\000s}{subsection.8.0.1}% 75
\BOOKMARK [0][-]{chapter*.130}{\376\377\000R\000e\000f\000e\000r\000e\000n\000c\000i\000a\000s}{}% 76
\BOOKMARK [0][-]{chapter*.131}{\376\377\000A\000n\000e\000x\000o\000s}{}% 77
\BOOKMARK [1][-]{section*.132}{\376\377\000A\000n\000e\000x\000o\000\040\0001\000.\000\040\000L\000i\000s\000t\000a\000d\000o\000\040\000d\000e\000\040\000m\000\351\000t\000o\000d\000o\000s\000\040\000e\000n\000\040\000l\000a\000\040\000p\000l\000a\000t\000a\000f\000o\000r\000m\000a}{chapter*.131}% 78
